This is pdfTeX, Version 3.14159265-2.6-1.40.18 (MiKTeX 2.9.6350 64-bit) (preloaded format=pdflatex 2017.9.22)  29 JAN 2018 19:05
entering extended mode
**./faces.tex
(faces.tex
LaTeX2e <2017-04-15>
Babel <3.10> and hyphenation patterns for 75 language(s) loaded.
(C:\stuff\Miktex\1\tex\latex\base\article.cls
Document Class: article 2014/09/29 v1.4h Standard LaTeX document class
(C:\stuff\Miktex\1\tex\latex\base\size10.clo
File: size10.clo 2014/09/29 v1.4h Standard LaTeX file (size option)
)
\c@part=\count79
\c@section=\count80
\c@subsection=\count81
\c@subsubsection=\count82
\c@paragraph=\count83
\c@subparagraph=\count84
\c@figure=\count85
\c@table=\count86
\abovecaptionskip=\skip41
\belowcaptionskip=\skip42
\bibindent=\dimen102
)
(C:\stuff\Miktex\1\tex\latex\fancyhdr\fancyhdr.sty
Package: fancyhdr 2017/06/30 v3.9a Extensive control of page headers and footer
s
\f@nch@headwidth=\skip43
\f@nch@O@elh=\skip44
\f@nch@O@erh=\skip45
\f@nch@O@olh=\skip46
\f@nch@O@orh=\skip47
\f@nch@O@elf=\skip48
\f@nch@O@erf=\skip49
\f@nch@O@olf=\skip50
\f@nch@O@orf=\skip51
)
(C:\stuff\Miktex\1\tex\latex\lastpage\lastpage.sty
Package: lastpage 2015/03/29 v1.2m Refers to last page's name (HMM; JPG)
)
(C:\stuff\Miktex\1\tex\latex\fancyhdr\extramarks.sty
Package: extramarks 2017/06/30 v3.9a Extra marks for LaTeX
\@temptokenb=\toks14
)
(C:\stuff\Miktex\1\tex\latex\graphics\color.sty
Package: color 2016/07/10 v1.1e Standard LaTeX Color (DPC)

(C:\stuff\Miktex\1\tex\latex\graphics-cfg\color.cfg
File: color.cfg 2016/01/02 v1.6 sample color configuration
)
Package color Info: Driver file: pdftex.def on input line 147.

(C:\stuff\Miktex\1\tex\latex\graphics-def\pdftex.def
File: pdftex.def 2017/01/12 v0.06k Graphics/color for pdfTeX

(C:\stuff\Miktex\1\tex\generic\oberdiek\infwarerr.sty
Package: infwarerr 2016/05/16 v1.4 Providing info/warning/error messages (HO)
)
(C:\stuff\Miktex\1\tex\generic\oberdiek\ltxcmds.sty
Package: ltxcmds 2016/05/16 v1.23 LaTeX kernel commands for general use (HO)
)
\Gread@gobject=\count87
)
(C:\stuff\Miktex\1\tex\latex\graphics\dvipsnam.def
File: dvipsnam.def 2016/06/17 v3.0m Driver-dependent file (DPC,SPQR)
))
(C:\stuff\Miktex\1\tex\latex\graphics\graphicx.sty
Package: graphicx 2014/10/28 v1.0g Enhanced LaTeX Graphics (DPC,SPQR)

(C:\stuff\Miktex\1\tex\latex\graphics\keyval.sty
Package: keyval 2014/10/28 v1.15 key=value parser (DPC)
\KV@toks@=\toks15
)
(C:\stuff\Miktex\1\tex\latex\graphics\graphics.sty
Package: graphics 2017/04/14 v1.1b Standard LaTeX Graphics (DPC,SPQR)

(C:\stuff\Miktex\1\tex\latex\graphics\trig.sty
Package: trig 2016/01/03 v1.10 sin cos tan (DPC)
)
(C:\stuff\Miktex\1\tex\latex\graphics-cfg\graphics.cfg
File: graphics.cfg 2016/06/04 v1.11 sample graphics configuration
)
Package graphics Info: Driver file: pdftex.def on input line 99.
)
\Gin@req@height=\dimen103
\Gin@req@width=\dimen104
)
(C:\stuff\Miktex\1\tex\latex\caption\subcaption.sty
Package: subcaption 2016/05/22 v1.1-161 Sub-captions (AR)

(C:\stuff\Miktex\1\tex\latex\caption\caption.sty
Package: caption 2016/02/21 v3.3-144 Customizing captions (AR)

(C:\stuff\Miktex\1\tex\latex\caption\caption3.sty
Package: caption3 2016/05/22 v1.7-166 caption3 kernel (AR)
Package caption3 Info: TeX engine: e-TeX on input line 67.
\captionmargin=\dimen105
\captionmargin@=\dimen106
\captionwidth=\dimen107
\caption@tempdima=\dimen108
\caption@indent=\dimen109
\caption@parindent=\dimen110
\caption@hangindent=\dimen111
)
\c@ContinuedFloat=\count88
)
\c@subfigure=\count89
\c@subtable=\count90
)
(C:\stuff\Miktex\1\tex\latex\listings\listings.sty
\lst@mode=\count91
\lst@gtempboxa=\box26
\lst@token=\toks16
\lst@length=\count92
\lst@currlwidth=\dimen112
\lst@column=\count93
\lst@pos=\count94
\lst@lostspace=\dimen113
\lst@width=\dimen114
\lst@newlines=\count95
\lst@lineno=\count96
\lst@maxwidth=\dimen115

(C:\stuff\Miktex\1\tex\latex\listings\lstmisc.sty
File: lstmisc.sty 2015/06/04 1.6 (Carsten Heinz)
\c@lstnumber=\count97
\lst@skipnumbers=\count98
\lst@framebox=\box27
)
(C:\stuff\Miktex\1\tex\latex\listings\listings.cfg
File: listings.cfg 2015/06/04 1.6 listings configuration
))
Package: listings 2015/06/04 1.6 (Carsten Heinz)

(C:\stuff\Miktex\1\tex\latex\psnfss\courier.sty
Package: courier 2005/04/12 PSNFSS-v9.2a (WaS) 
)
(C:\stuff\Miktex\1\tex\latex\lipsum\lipsum.sty
Package: lipsum 2014/07/27 v1.3 150 paragraphs of Lorem Ipsum dummy text
\c@lips@count=\count99
)
(C:\stuff\Miktex\1\tex\latex\amsmath\amsmath.sty
Package: amsmath 2016/11/05 v2.16a AMS math features
\@mathmargin=\skip52

For additional information on amsmath, use the `?' option.
(C:\stuff\Miktex\1\tex\latex\amsmath\amstext.sty
Package: amstext 2000/06/29 v2.01 AMS text

(C:\stuff\Miktex\1\tex\latex\amsmath\amsgen.sty
File: amsgen.sty 1999/11/30 v2.0 generic functions
\@emptytoks=\toks17
\ex@=\dimen116
))
(C:\stuff\Miktex\1\tex\latex\amsmath\amsbsy.sty
Package: amsbsy 1999/11/29 v1.2d Bold Symbols
\pmbraise@=\dimen117
)
(C:\stuff\Miktex\1\tex\latex\amsmath\amsopn.sty
Package: amsopn 2016/03/08 v2.02 operator names
)
\inf@bad=\count100
LaTeX Info: Redefining \frac on input line 213.
\uproot@=\count101
\leftroot@=\count102
LaTeX Info: Redefining \overline on input line 375.
\classnum@=\count103
\DOTSCASE@=\count104
LaTeX Info: Redefining \ldots on input line 472.
LaTeX Info: Redefining \dots on input line 475.
LaTeX Info: Redefining \cdots on input line 596.
\Mathstrutbox@=\box28
\strutbox@=\box29
\big@size=\dimen118
LaTeX Font Info:    Redeclaring font encoding OML on input line 712.
LaTeX Font Info:    Redeclaring font encoding OMS on input line 713.
\macc@depth=\count105
\c@MaxMatrixCols=\count106
\dotsspace@=\muskip10
\c@parentequation=\count107
\dspbrk@lvl=\count108
\tag@help=\toks18
\row@=\count109
\column@=\count110
\maxfields@=\count111
\andhelp@=\toks19
\eqnshift@=\dimen119
\alignsep@=\dimen120
\tagshift@=\dimen121
\tagwidth@=\dimen122
\totwidth@=\dimen123
\lineht@=\dimen124
\@envbody=\toks20
\multlinegap=\skip53
\multlinetaggap=\skip54
\mathdisplay@stack=\toks21
LaTeX Info: Redefining \[ on input line 2817.
LaTeX Info: Redefining \] on input line 2818.
)
(C:\stuff\Miktex\1\tex\latex\oberdiek\grffile.sty
Package: grffile 2016/05/16 v1.17 Extended file name support for graphics (HO)

(C:\stuff\Miktex\1\tex\generic\oberdiek\ifpdf.sty
Package: ifpdf 2017/03/15 v3.2 Provides the ifpdf switch
)
(C:\stuff\Miktex\1\tex\generic\ifxetex\ifxetex.sty
Package: ifxetex 2010/09/12 v0.6 Provides ifxetex conditional
)
(C:\stuff\Miktex\1\tex\latex\oberdiek\kvoptions.sty
Package: kvoptions 2016/05/16 v3.12 Key value format for package options (HO)

(C:\stuff\Miktex\1\tex\generic\oberdiek\kvsetkeys.sty
Package: kvsetkeys 2016/05/16 v1.17 Key value parser (HO)

(C:\stuff\Miktex\1\tex\generic\oberdiek\etexcmds.sty
Package: etexcmds 2016/05/16 v1.6 Avoid name clashes with e-TeX commands (HO)

(C:\stuff\Miktex\1\tex\generic\oberdiek\ifluatex.sty
Package: ifluatex 2016/05/16 v1.4 Provides the ifluatex switch (HO)
Package ifluatex Info: LuaTeX not detected.
)
Package etexcmds Info: Could not find \expanded.
(etexcmds)             That can mean that you are not using pdfTeX 1.50 or
(etexcmds)             that some package has redefined \expanded.
(etexcmds)             In the latter case, load this package earlier.
)))
(C:\stuff\Miktex\1\tex\generic\oberdiek\pdftexcmds.sty
Package: pdftexcmds 2017/03/19 v0.25 Utility functions of pdfTeX for LuaTeX (HO
)
Package pdftexcmds Info: LuaTeX not detected.
Package pdftexcmds Info: \pdf@primitive is available.
Package pdftexcmds Info: \pdf@ifprimitive is available.
Package pdftexcmds Info: \pdfdraftmode found.
)
Package grffile Info: Option `multidot' is set to `true'.
Package grffile Info: Option `extendedchars' is set to `false'.
Package grffile Info: Option `space' is set to `true'.
Package grffile Info: \Gin@ii of package `graphicx' fixed on input line 486.
)
(C:\stuff\Miktex\1\tex\latex\listings\lstlang1.sty
File: lstlang1.sty 2015/06/04 1.6 listings language file
)
\c@homeworkProblemCounter=\count112
 (faces.aux

LaTeX Warning: Label `frontface1' multiply defined.


LaTeX Warning: Label `frontface2' multiply defined.

)
\openout1 = `faces.aux'.

LaTeX Font Info:    Checking defaults for OML/cmm/m/it on input line 177.
LaTeX Font Info:    ... okay on input line 177.
LaTeX Font Info:    Checking defaults for T1/cmr/m/n on input line 177.
LaTeX Font Info:    ... okay on input line 177.
LaTeX Font Info:    Checking defaults for OT1/cmr/m/n on input line 177.
LaTeX Font Info:    ... okay on input line 177.
LaTeX Font Info:    Checking defaults for OMS/cmsy/m/n on input line 177.
LaTeX Font Info:    ... okay on input line 177.
LaTeX Font Info:    Checking defaults for OMX/cmex/m/n on input line 177.
LaTeX Font Info:    ... okay on input line 177.
LaTeX Font Info:    Checking defaults for U/cmr/m/n on input line 177.
LaTeX Font Info:    ... okay on input line 177.
Package lastpage Info: Please have a look at the pageslts package at
(lastpage)             https://www.ctan.org/pkg/pageslts
(lastpage)             ! on input line 177.
 (C:\stuff\Miktex\1\tex\context\base\supp-pdf.mkii
[Loading MPS to PDF converter (version 2006.09.02).]
\scratchcounter=\count113
\scratchdimen=\dimen125
\scratchbox=\box30
\nofMPsegments=\count114
\nofMParguments=\count115
\everyMPshowfont=\toks22
\MPscratchCnt=\count116
\MPscratchDim=\dimen126
\MPnumerator=\count117
\makeMPintoPDFobject=\count118
\everyMPtoPDFconversion=\toks23
) (C:\stuff\Miktex\1\tex\latex\oberdiek\epstopdf-base.sty
Package: epstopdf-base 2016/05/15 v2.6 Base part for package epstopdf

(C:\stuff\Miktex\1\tex\latex\oberdiek\grfext.sty
Package: grfext 2016/05/16 v1.2 Manage graphics extensions (HO)

(C:\stuff\Miktex\1\tex\generic\oberdiek\kvdefinekeys.sty
Package: kvdefinekeys 2016/05/16 v1.4 Define keys (HO)
))
Package epstopdf-base Info: Redefining graphics rule for `.eps' on input line 4
38.
Package grfext Info: Graphics extension search list:
(grfext)             [.png,.pdf,.jpg,.mps,.jpeg,.jbig2,.jb2,.PNG,.PDF,.JPG,.JPE
G,.JBIG2,.JB2,.eps]
(grfext)             \AppendGraphicsExtensions on input line 456.
)
Package caption Info: Begin \AtBeginDocument code.
Package caption Info: listings package is loaded.
Package caption Info: End \AtBeginDocument code.
\c@lstlisting=\count119
 [1

{C:/ProgramData/MiKTeX/2.9/pdftex/config/pdftex.map}]
LaTeX Font Info:    Try loading font information for OMS+cmr on input line 185.


(C:\stuff\Miktex\1\tex\latex\base\omscmr.fd
File: omscmr.fd 2014/09/29 v2.5h Standard LaTeX font definitions
)
LaTeX Font Info:    Font shape `OMS/cmr/m/n' in size <10> not available
(Font)              Font shape `OMS/cmsy/m/n' tried instead on input line 185.
 [2

]
Overfull \hbox (18.37552pt too wide) in paragraph at lines 200--201
[]\OT1/cmr/m/n/10 The dataset used in the project is a sub-set of Face-Scrub da
taset. (http://vintage.winklerbros.net/facescrub.html).
 []


Underfull \hbox (badness 10000) in paragraph at lines 200--201

 []


Overfull \hbox (4.90724pt too wide) in paragraph at lines 202--203
[]\OT1/cmr/m/n/10 Lorraine Bracco 20815 9613 http://upload.wikimedia.org/wikipe
dia/commons/1/1b/Lorraine[]Bracco[]HS[]Yea 
 []


Underfull \hbox (badness 10000) in paragraph at lines 202--203

 []


Overfull \hbox (1.6424pt too wide) in paragraph at lines 204--205
[]\OT1/cmr/m/n/10 "Lorraine Bracco" is the ac-tor's name. "http://upload.wikime
dia.org/wikipedia/commons/1/1b/Lorraine[]Br 
 []


Underfull \hbox (badness 10000) in paragraph at lines 204--205

 []


Underfull \hbox (badness 10000) in paragraph at lines 206--207

 []


Underfull \hbox (badness 10000) in paragraph at lines 208--209

 []

LaTeX Font Info:    Try loading font information for OT1+pcr on input line 210.

(C:\stuff\Miktex\1\tex\latex\psnfss\ot1pcr.fd
File: ot1pcr.fd 2001/06/04 font definitions for OT1/pcr.
) [3

]
LaTeX Font Info:    Try loading font information for T1+pcr on input line 264.

(C:\stuff\Miktex\1\tex\latex\psnfss\t1pcr.fd
File: t1pcr.fd 2001/06/04 font definitions for T1/pcr.
) [4] [5]
<facescrub_actors_uncropped/Alec Baldwin11.jpg, id=32, 572.1375pt x 576.1525pt>
File: facescrub_actors_uncropped/Alec Baldwin11.jpg Graphic file (type jpg)
<use facescrub_actors_uncropped/Alec Baldwin11.jpg>
Package pdftex.def Info: facescrub_actors_uncropped/Alec Baldwin11.jpg used on 
input line 321.
(pdftex.def)             Requested size: 114.42546pt x 115.22845pt.

<facescrub_actors_uncropped/Alec Baldwin22.jpg, id=33, 421.575pt x 632.3625pt>
File: facescrub_actors_uncropped/Alec Baldwin22.jpg Graphic file (type jpg)

<use facescrub_actors_uncropped/Alec Baldwin22.jpg>
Package pdftex.def Info: facescrub_actors_uncropped/Alec Baldwin22.jpg used on 
input line 325.
(pdftex.def)             Requested size: 80.10007pt x 120.15012pt.

<facescrub_actresses_uncropped/Lorraine Bracco34.jpg, id=34, 1027.84pt x 810.02
625pt>
File: facescrub_actresses_uncropped/Lorraine Bracco34.jpg Graphic file (type jp
g)
 <use facescrub_actresses_uncropped/Lorraine Bracco34.jpg>
Package pdftex.def Info: facescrub_actresses_uncropped/Lorraine Bracco34.jpg us
ed on input line 329.
(pdftex.def)             Requested size: 174.73048pt x 137.70264pt.

Overfull \hbox (24.40546pt too wide) in paragraph at lines 329--330
[][] 
 []

<facescrub_actors_uncropped/Bill Hader60.jpg, id=35, 572.1375pt x 238.8925pt>
File: facescrub_actors_uncropped/Bill Hader60.jpg Graphic file (type jpg)

<use facescrub_actors_uncropped/Bill Hader60.jpg>
Package pdftex.def Info: facescrub_actors_uncropped/Bill Hader60.jpg used on in
put line 338.
(pdftex.def)             Requested size: 171.64256pt x 71.66829pt.

Overfull \hbox (21.31754pt too wide) in paragraph at lines 338--339
[][] 
 []


<facescrub_actors_uncropped/Steve Carell92.jpg, id=36, 572.1375pt x 858.20625pt
>
File: facescrub_actors_uncropped/Steve Carell92.jpg Graphic file (type jpg)
 <use facescrub_actors_uncropped/Steve Carell92.jpg>
Package pdftex.def Info: facescrub_actors_uncropped/Steve Carell92.jpg used on 
input line 342.
(pdftex.def)             Requested size: 74.38048pt x 111.57072pt.

<facescrub_actors_cropped/Bill Hader74.jpg, id=37, 32.12pt x 32.12pt>
File: facescrub_actors_cropped/Bill Hader74.jpg Graphic file (type jpg)

<use facescrub_actors_cropped/Bill Hader74.jpg>
Package pdftex.def Info: facescrub_actors_cropped/Bill Hader74.jpg used on inpu
t line 351.
(pdftex.def)             Requested size: 64.2398pt x 64.2398pt.

<facescrub_actresses_cropped/Fran Drescher40.jpg, id=38, 32.12pt x 32.12pt>
File: facescrub_actresses_cropped/Fran Drescher40.jpg Graphic file (type jpg)

<use facescrub_actresses_cropped/Fran Drescher40.jpg>
Package pdftex.def Info: facescrub_actresses_cropped/Fran Drescher40.jpg used o
n input line 355.
(pdftex.def)             Requested size: 64.2398pt x 64.2398pt.

<facescrub_actors_cropped/Alec Baldwin1.jpg, id=39, 32.12pt x 32.12pt>
File: facescrub_actors_cropped/Alec Baldwin1.jpg Graphic file (type jpg)

<use facescrub_actors_cropped/Alec Baldwin1.jpg>
Package pdftex.def Info: facescrub_actors_cropped/Alec Baldwin1.jpg used on inp
ut line 359.
(pdftex.def)             Requested size: 64.2398pt x 64.2398pt.

Underfull \hbox (badness 5147) in paragraph at lines 360--360
[]\OT1/cmr/m/n/10 Figure 8: |Frontal
 []

<facescrub_actresses_cropped/Fran Drescher5.jpg, id=40, 32.12pt x 32.12pt>
File: facescrub_actresses_cropped/Fran Drescher5.jpg Graphic file (type jpg)

<use facescrub_actresses_cropped/Fran Drescher5.jpg>
Package pdftex.def Info: facescrub_actresses_cropped/Fran Drescher5.jpg used on
 input line 363.
(pdftex.def)             Requested size: 64.2398pt x 64.2398pt.

Underfull \hbox (badness 5147) in paragraph at lines 364--364
[]\OT1/cmr/m/n/10 Figure 9: |Frontal
 []

[6

 <./facescrub_actors_uncropped/Alec Baldwin11.jpg> <./facescrub_actors_uncroppe
d/Alec Baldwin22.jpg> <./facescrub_actresses_uncropped/Lorraine Bracco34.jpg> <
./facescrub_actors_uncropped/Bill Hader60.jpg> <./facescrub_actors_uncropped/St
eve Carell92.jpg> <./facescrub_actors_cropped/Bill Hader74.jpg> <./facescrub_ac
tresses_cropped/Fran Drescher40.jpg> <./facescrub_actors_cropped/Alec Baldwin1.
jpg> <./facescrub_actresses_cropped/Fran Drescher5.jpg>]
<facescrub_actresses_uncropped/Fran Drescher102.jpg, id=44, 260.172pt x 390.648
65pt>
File: facescrub_actresses_uncropped/Fran Drescher102.jpg Graphic file (type jpg
)
 <use facescrub_actresses_uncropped/Fran Drescher102.jpg>
Package pdftex.def Info: facescrub_actresses_uncropped/Fran Drescher102.jpg use
d on input line 372.
(pdftex.def)             Requested size: 130.08566pt x 195.32384pt.

<facescrub_actresses_cropped/Fran Drescher102.jpg, id=45, 32.12pt x 32.12pt>
File: facescrub_actresses_cropped/Fran Drescher102.jpg Graphic file (type jpg)

<use facescrub_actresses_cropped/Fran Drescher102.jpg>
Package pdftex.def Info: facescrub_actresses_cropped/Fran Drescher102.jpg used 
on input line 376.
(pdftex.def)             Requested size: 160.59952pt x 160.59952pt.

<facescrub_actors_uncropped/Bill Hader95.jpg, id=46, 200.75pt x 301.125pt>
File: facescrub_actors_uncropped/Bill Hader95.jpg Graphic file (type jpg)

<use facescrub_actors_uncropped/Bill Hader95.jpg>
Package pdftex.def Info: facescrub_actors_uncropped/Bill Hader95.jpg used on in
put line 383.
(pdftex.def)             Requested size: 100.37474pt x 150.56212pt.

<facescrub_actors_cropped/Bill Hader95.jpg, id=47, 32.12pt x 32.12pt>
File: facescrub_actors_cropped/Bill Hader95.jpg Graphic file (type jpg)

<use facescrub_actors_cropped/Bill Hader95.jpg>
Package pdftex.def Info: facescrub_actors_cropped/Bill Hader95.jpg used on inpu
t line 387.
(pdftex.def)             Requested size: 160.59952pt x 160.59952pt.
 [7 <./facescrub_actresses_uncropped/Fran Drescher102.jpg> <./facescrub_actress
es_cropped/Fran Drescher102.jpg> <./facescrub_actors_uncropped/Bill Hader95.jpg
> <./facescrub_actors_cropped/Bill Hader95.jpg>]
Underfull \hbox (badness 10000) in paragraph at lines 399--401

 []


Underfull \hbox (badness 10000) in paragraph at lines 402--403

 []

[8

] [9]
Underfull \hbox (badness 10000) in paragraph at lines 475--476

 []

<part3_1.jpg, id=59, 642.4pt x 481.8pt>
File: part3_1.jpg Graphic file (type jpg)
 <use part3_1.jpg>
Package pdftex.def Info: part3_1.jpg used on input line 480.
(pdftex.def)             Requested size: 256.95544pt x 192.71658pt.

Underfull \hbox (badness 10000) in paragraph at lines 485--491

 []


Underfull \hbox (badness 10000) in paragraph at lines 485--491

 []

[10

 <./part3_1.jpg>] [11] [12]
<result_of_part4a.jpg, id=70, 642.4pt x 481.8pt>
File: result_of_part4a.jpg Graphic file (type jpg)
 <use result_of_part4a.jpg>
Package pdftex.def Info: result_of_part4a.jpg used on input line 595.
(pdftex.def)             Requested size: 513.9207pt x 385.4405pt.

Overfull \hbox (44.16571pt too wide) in paragraph at lines 595--596
 [] 
 []


Underfull \hbox (badness 10000) in paragraph at lines 602--603

 []

[13

 <./result_of_part4a.jpg>]
Underfull \hbox (badness 10000) in paragraph at lines 604--605

 []

<part4b_std_dev_1e-05_max_itera_80_.jpg, id=76, 642.4pt x 481.8pt>
File: part4b_std_dev_1e-05_max_itera_80_.jpg Graphic file (type jpg)

<use part4b_std_dev_1e-05_max_itera_80_.jpg>
Package pdftex.def Info: part4b_std_dev_1e-05_max_itera_80_.jpg used on input l
ine 608.
(pdftex.def)             Requested size: 237.68428pt x 178.2632pt.

Overfull \hbox (2.8068pt too wide) in paragraph at lines 608--609
[][] 
 []

<part4b_std_dev_0.01_max_itera_80_.jpg, id=77, 642.4pt x 481.8pt>
File: part4b_std_dev_0.01_max_itera_80_.jpg Graphic file (type jpg)

<use part4b_std_dev_0.01_max_itera_80_.jpg>
Package pdftex.def Info: part4b_std_dev_0.01_max_itera_80_.jpg used on input li
ne 612.
(pdftex.def)             Requested size: 237.68428pt x 178.2632pt.

Overfull \hbox (2.8068pt too wide) in paragraph at lines 612--613
[][] 
 []

<part4b_std_dev_0.001_max_itera_80000_.jpg, id=78, 642.4pt x 481.8pt>
File: part4b_std_dev_0.001_max_itera_80000_.jpg Graphic file (type jpg)

<use part4b_std_dev_0.001_max_itera_80000_.jpg>
Package pdftex.def Info: part4b_std_dev_0.001_max_itera_80000_.jpg used on inpu
t line 620.
(pdftex.def)             Requested size: 179.87077pt x 134.90308pt.

Overfull \hbox (38.94286pt too wide) in paragraph at lines 620--621
[][] 
 []

<part4b_std_dev_0.0001_max_itera_80000_.jpg, id=79, 642.4pt x 481.8pt>
File: part4b_std_dev_0.0001_max_itera_80000_.jpg Graphic file (type jpg)

<use part4b_std_dev_0.0001_max_itera_80000_.jpg>
Package pdftex.def Info: part4b_std_dev_0.0001_max_itera_80000_.jpg used on inp
ut line 624.
(pdftex.def)             Requested size: 179.87077pt x 134.90308pt.

Overfull \hbox (38.94286pt too wide) in paragraph at lines 624--625
[][] 
 []

<part4b_std_dev_0_max_itera_80000_.jpg, id=80, 642.4pt x 481.8pt>
File: part4b_std_dev_0_max_itera_80000_.jpg Graphic file (type jpg)

<use part4b_std_dev_0_max_itera_80000_.jpg>
Package pdftex.def Info: part4b_std_dev_0_max_itera_80000_.jpg used on input li
ne 628.
(pdftex.def)             Requested size: 179.87077pt x 134.90308pt.

Overfull \hbox (38.94286pt too wide) in paragraph at lines 628--629
[][] 
 []

[14 <./part4b_std_dev_1e-05_max_itera_80_.jpg> <./part4b_std_dev_0.01_max_itera
_80_.jpg> <./part4b_std_dev_0.001_max_itera_80000_.jpg> <./part4b_std_dev_0.000
1_max_itera_80000_.jpg> <./part4b_std_dev_0_max_itera_80000_.jpg>]
<result_of_part5.jpg, id=84, 642.4pt x 481.8pt>
File: result_of_part5.jpg Graphic file (type jpg)
 <use result_of_part5.jpg>
Package pdftex.def Info: result_of_part5.jpg used on input line 646.
(pdftex.def)             Requested size: 449.67694pt x 337.25769pt.

<6a.jpg, id=85, 1509.64pt x 2055.68pt>
File: 6a.jpg Graphic file (type jpg)
 <use 6a.jpg>
Package pdftex.def Info: 6a.jpg used on input line 680.
(pdftex.def)             Requested size: 452.89551pt x 616.70877pt.
 [15

 <./result_of_part5.jpg>]
Overfull \vbox (25.46062pt too high) has occurred while \output is active []


[16 <./6a.jpg>] <6b.jpg, id=93, 1389.19pt x 1011.78pt>
File: 6b.jpg Graphic file (type jpg)
 <use 6b.jpg>
Package pdftex.def Info: 6b.jpg used on input line 682.
(pdftex.def)             Requested size: 416.76022pt x 303.53633pt.
 [17 <./6b.jpg>] [18

] <part6d_1.jpg, id=100, 642.4pt x 481.8pt>
File: part6d_1.jpg Graphic file (type jpg)
 <use part6d_1.jpg>
Package pdftex.def Info: part6d_1.jpg used on input line 709.
(pdftex.def)             Requested size: 256.95544pt x 192.71658pt.

Underfull \hbox (badness 10000) in paragraph at lines 714--720

 []

[19

 <./part6d_1.jpg>] [20] [21]
Underfull \hbox (badness 10000) in paragraph at lines 789--791

 []


Underfull \hbox (badness 10000) in paragraph at lines 792--793

 []

<part7_1.jpg, id=111, 642.4pt x 481.8pt>
File: part7_1.jpg Graphic file (type jpg)
 <use part7_1.jpg>
Package pdftex.def Info: part7_1.jpg used on input line 796.
(pdftex.def)             Requested size: 321.19922pt x 240.8994pt.

Underfull \hbox (badness 10000) in paragraph at lines 801--802

 []

[22

 <./part7_1.jpg>] <part7_2.jpg, id=115, 642.4pt x 481.8pt>
File: part7_2.jpg Graphic file (type jpg)

<use part7_2.jpg>
Package pdftex.def Info: part7_2.jpg used on input line 806.
(pdftex.def)             Requested size: 321.19922pt x 240.8994pt.

Underfull \hbox (badness 10000) in paragraph at lines 811--812

 []


Underfull \hbox (badness 10000) in paragraph at lines 813--821

 []

[23

 <./part7_2.jpg>] <theta_for_Alec Baldwin.jpg, id=119, 642.4pt x 481.8pt>
File: theta_for_Alec Baldwin.jpg Graphic file (type jpg)

<use theta_for_Alec Baldwin.jpg>
Package pdftex.def Info: theta_for_Alec Baldwin.jpg used on input line 830.
(pdftex.def)             Requested size: 173.45032pt x 130.08772pt.

Overfull \hbox (23.12529pt too wide) in paragraph at lines 830--831
[][] 
 []

<theta_for_Angie Harmon.jpg, id=120, 642.4pt x 481.8pt>
File: theta_for_Angie Harmon.jpg Graphic file (type jpg)

<use theta_for_Angie Harmon.jpg>
Package pdftex.def Info: theta_for_Angie Harmon.jpg used on input line 834.
(pdftex.def)             Requested size: 173.45032pt x 130.08772pt.

Overfull \hbox (23.12529pt too wide) in paragraph at lines 834--835
[][] 
 []

<theta_for_Bill Hader.jpg, id=121, 642.4pt x 481.8pt>
File: theta_for_Bill Hader.jpg Graphic file (type jpg)

<use theta_for_Bill Hader.jpg>
Package pdftex.def Info: theta_for_Bill Hader.jpg used on input line 838.
(pdftex.def)             Requested size: 173.45032pt x 130.08772pt.

Overfull \hbox (23.12529pt too wide) in paragraph at lines 838--839
[][] 
 []

<theta_for_Lorraine Bracco.jpg, id=122, 642.4pt x 481.8pt>
File: theta_for_Lorraine Bracco.jpg Graphic file (type jpg)

<use theta_for_Lorraine Bracco.jpg>
Package pdftex.def Info: theta_for_Lorraine Bracco.jpg used on input line 845.
(pdftex.def)             Requested size: 173.45032pt x 130.08772pt.

Overfull \hbox (23.12529pt too wide) in paragraph at lines 845--846
[][] 
 []

<theta_for_Peri Gilpin.jpg, id=123, 642.4pt x 481.8pt>
File: theta_for_Peri Gilpin.jpg Graphic file (type jpg)

<use theta_for_Peri Gilpin.jpg>
Package pdftex.def Info: theta_for_Peri Gilpin.jpg used on input line 849.
(pdftex.def)             Requested size: 173.45032pt x 130.08772pt.

Overfull \hbox (23.12529pt too wide) in paragraph at lines 849--850
[][] 
 []

<theta_for_Steve Carell.jpg, id=124, 642.4pt x 481.8pt>
File: theta_for_Steve Carell.jpg Graphic file (type jpg)

<use theta_for_Steve Carell.jpg>
Package pdftex.def Info: theta_for_Steve Carell.jpg used on input line 853.
(pdftex.def)             Requested size: 173.45032pt x 130.08772pt.

Overfull \hbox (23.12529pt too wide) in paragraph at lines 853--854
[][] 
 []

[24

 <./theta_for_Alec Baldwin.jpg> <./theta_for_Angie Harmon.jpg> <./theta_for_Bil
l Hader.jpg> <./theta_for_Lorraine Bracco.jpg> <./theta_for_Peri Gilpin.jpg> <.
/theta_for_Steve Carell.jpg>] 
AED: lastpage setting LastPage
(faces.aux)

LaTeX Warning: There were multiply-defined labels.

 ) 
Here is how much of TeX's memory you used:
 5837 strings out of 493323
 87026 string characters out of 3143402
 312720 words of memory out of 3000000
 9294 multiletter control sequences out of 15000+200000
 12727 words of font info for 45 fonts, out of 3000000 for 9000
 1141 hyphenation exceptions out of 8191
 42i,12n,43p,1155b,1857s stack positions out of 5000i,500n,10000p,200000b,50000s
{C:/stuff/Miktex/1/fonts/enc/dvips/base/8r.enc}<C:/stuff/Miktex/1/fonts/type1
/public/amsfonts/cm/cmbx10.pfb><C:/stuff/Miktex/1/fonts/type1/public/amsfonts/c
m/cmbx12.pfb><C:/stuff/Miktex/1/fonts/type1/public/amsfonts/cm/cmbx9.pfb><C:/st
uff/Miktex/1/fonts/type1/public/amsfonts/cm/cmex10.pfb><C:/stuff/Miktex/1/fonts
/type1/public/amsfonts/cm/cmmi10.pfb><C:/stuff/Miktex/1/fonts/type1/public/amsf
onts/cm/cmmi5.pfb><C:/stuff/Miktex/1/fonts/type1/public/amsfonts/cm/cmmi7.pfb><
C:/stuff/Miktex/1/fonts/type1/public/amsfonts/cm/cmr10.pfb><C:/stuff/Miktex/1/f
onts/type1/public/amsfonts/cm/cmr12.pfb><C:/stuff/Miktex/1/fonts/type1/public/a
msfonts/cm/cmr17.pfb><C:/stuff/Miktex/1/fonts/type1/public/amsfonts/cm/cmr5.pfb
><C:/stuff/Miktex/1/fonts/type1/public/amsfonts/cm/cmr7.pfb><C:/stuff/Miktex/1/
fonts/type1/public/amsfonts/cm/cmr9.pfb><C:/stuff/Miktex/1/fonts/type1/public/a
msfonts/cm/cmsl10.pfb><C:/stuff/Miktex/1/fonts/type1/public/amsfonts/cm/cmsy10.
pfb><C:/stuff/Miktex/1/fonts/type1/public/amsfonts/cm/cmsy7.pfb><C:/stuff/Mikte
x/1/fonts/type1/public/amsfonts/cm/cmti10.pfb><C:/stuff/Miktex/1/fonts/type1/ur
w/courier/ucrr8a.pfb><C:/stuff/Miktex/1/fonts/type1/urw/courier/ucrro8a.pfb>
Output written on faces.pdf (24 pages, 2489033 bytes).
PDF statistics:
 188 PDF objects out of 1000 (max. 8388607)
 0 named destinations out of 1000 (max. 500000)
 161 words of extra memory for PDF output out of 10000 (max. 10000000)

